<?xml version="1.0" encoding="UTF-8"?>
<!-- Generated by org.testng.reporters.JUnitXMLReporter -->
<testsuite ignored="0" hostname="ferides-MacBook-Pro.local" failures="2" tests="8" name="Test" time="17.822" errors="0" timestamp="09 Dec 2018 03:58:58 GMT">
  <testcase classname="com.prestashop.NegativeTest" name="blankEmail" time="0.776"/>
  <testcase classname="com.prestashop.NegativeTest" name="invalidEmailTest" time="0.703"/>
  <testcase classname="com.prestashop.NegativeTest" name="wrongCredentialsTest" time="0.783"/>
  <testcase classname="com.prestashop.PositiveTest" name="verify" time="0.022">
    <failure type="java.lang.AssertionError" message="expected [Feride Ozdemir] but found [[[ChromeDriver: chrome on MAC (b08a12ee37533ac506af444e7267d127)] -&amp;gt; css selector: #header&amp;gt;div:nth-child(2)&amp;gt;div&amp;gt;div div:nth-child(1)&amp;gt;a]]">
      <![CDATA[java.lang.AssertionError: expected [Feride Ozdemir] but found [[[ChromeDriver: chrome on MAC (b08a12ee37533ac506af444e7267d127)] -> css selector: #header>div:nth-child(2)>div>div div:nth-child(1)>a]]
at com.prestashop.PositiveTest.verify(PositiveTest.java:79)
... Removed 30 stack frames]]>
    </failure>
  </testcase> <!-- verify -->
  <testcase classname="com.prestashop.PositiveTest" name="login" time="2.076"/>
  <testcase classname="com.prestashop.PositiveTest" name="register" time="2.067">
    <failure type="org.openqa.selenium.support.ui.UnexpectedTagNameException" message="Element should have been &amp;quot;select&amp;quot; but was &amp;quot;input&amp;quot;
Build info: version: &amp;apos;3.141.59&amp;apos;, revision: &amp;apos;e82be7d358&amp;apos;, time: &amp;apos;2018-11-14T08:25:48&amp;apos;
System info: host: &amp;apos;ferides-MacBook-Pro.local&amp;apos;, ip: &amp;apos;fe80:0:0:0:10eb:a87a:be1b:28b9%en0&amp;apos;, os.name: &amp;apos;Mac OS X&amp;apos;, os.arch: &amp;apos;x86_64&amp;apos;, os.version: &amp;apos;10.14.1&amp;apos;, java.version: &amp;apos;10.0.2&amp;apos;
Driver info: driver.version: unknown">
      <![CDATA[org.openqa.selenium.support.ui.UnexpectedTagNameException: Element should have been "select" but was "input"
Build info: version: '3.141.59', revision: 'e82be7d358', time: '2018-11-14T08:25:48'
System info: host: 'ferides-MacBook-Pro.local', ip: 'fe80:0:0:0:10eb:a87a:be1b:28b9%en0', os.name: 'Mac OS X', os.arch: 'x86_64', os.version: '10.14.1', java.version: '10.0.2'
Driver info: driver.version: unknown
at org.openqa.selenium.support.ui.Select.<init>(Select.java:48)
at com.prestashop.PositiveTest.register(PositiveTest.java:56)
... Removed 25 stack frames]]>
    </failure>
  </testcase> <!-- register -->
  <testcase classname="com.prestashop.PositiveTest" name="signout" time="0.746"/>
  <testcase classname="com.prestashop.PositiveTest" name="logAgain" time="0.681"/>
</testsuite> <!-- Test -->
