-------------------------------------------------------------------------------
Test set: TestSuite
-------------------------------------------------------------------------------
Tests run: 2, Failures: 1, Errors: 0, Skipped: 0, Time elapsed: 11.415 s <<< FAILURE! - in TestSuite
login(com.grid.gridTest2)  Time elapsed: 1.454 s  <<< FAILURE!
org.openqa.selenium.WebDriverException: 
Cannot define class using reflection
Command duration or timeout: 1.04 seconds
	at com.grid.gridTest2.login(gridTest2.java:19)
Caused by: org.openqa.selenium.WebDriverException: 
Cannot define class using reflection
Build info: version: '3.141.59', revision: 'e82be7d358', time: '2018-11-14T08:17:03'
System info: host: 'ferides-MacBook-Pro.local', ip: 'fe80:0:0:0:18fa:b4db:8895:71fc%en0', os.name: 'Mac OS X', os.arch: 'x86_64', os.version: '10.14.1', java.version: '10.0.2'
Driver info: driver.version: unknown

